TN:
SF:src/index.ts
FN:20,(anonymous_8)
FN:25,(anonymous_9)
FN:30,main
FN:44,(anonymous_12)
FNF:4
FNH:2
FNDA:0,(anonymous_8)
FNDA:0,(anonymous_9)
FNDA:1,main
FNDA:1,(anonymous_12)
DA:1,1
DA:2,1
DA:3,1
DA:4,1
DA:5,1
DA:10,1
DA:12,1
DA:13,1
DA:14,1
DA:15,1
DA:16,1
DA:18,1
DA:20,1
DA:21,0
DA:22,0
DA:25,1
DA:26,0
DA:27,0
DA:31,1
DA:32,1
DA:33,0
DA:35,0
DA:39,1
DA:41,1
DA:42,1
DA:44,1
DA:45,1
LF:27
LH:21
BRF:0
BRH:0
end_of_record
TN:
SF:src/config/auth.ts
FNF:0
FNH:0
DA:1,1
LF:1
LH:1
BRDA:2,0,0,1
BRDA:2,0,1,1
BRDA:3,1,0,1
BRDA:3,1,1,1
BRDA:4,2,0,1
BRDA:4,2,1,1
BRF:6
BRH:6
end_of_record
TN:
SF:src/database/database.ts
FN:8,(anonymous_7)
FNF:1
FNH:1
FNDA:1,(anonymous_7)
DA:1,1
DA:2,1
DA:3,1
DA:4,1
DA:6,1
DA:9,1
DA:12,1
DA:14,1
DA:15,1
DA:16,1
DA:19,0
DA:20,0
LF:12
LH:10
BRF:0
BRH:0
end_of_record
TN:
SF:src/middleware/authMiddleware.ts
FN:4,checkToken
FN:20,(anonymous_2)
FNF:2
FNH:0
FNDA:0,checkToken
FNDA:0,(anonymous_2)
DA:1,1
DA:2,1
DA:4,1
DA:9,0
DA:10,0
DA:11,0
DA:16,0
DA:21,0
DA:22,0
DA:26,0
LF:10
LH:3
BRDA:10,0,0,0
BRDA:21,1,0,0
BRF:2
BRH:0
end_of_record
TN:
SF:src/middleware/logginMiddleware.ts
FN:3,loggingMiddleware
FN:22,errorHandler
FN:28,logErrorsMiddleware
FNF:3
FNH:2
FNDA:1,loggingMiddleware
FNDA:0,errorHandler
FNDA:1,logErrorsMiddleware
DA:1,1
DA:3,1
DA:14,1
DA:19,1
DA:22,1
DA:23,0
DA:24,0
DA:25,0
DA:28,1
DA:37,1
DA:38,1
DA:40,0
DA:44,0
LF:13
LH:8
BRF:0
BRH:0
end_of_record
TN:
SF:src/models/group.model.ts
FN:53,(anonymous_2)
FN:53,(anonymous_3)
FNF:2
FNH:2
FNDA:2,(anonymous_2)
FNDA:1,(anonymous_3)
DA:1,1
DA:8,1
DA:9,1
DA:10,1
DA:30,1
DA:31,1
DA:39,1
DA:46,1
DA:53,2
LF:9
LH:9
BRF:0
BRH:0
end_of_record
TN:
SF:src/models/user.model.ts
FN:67,(anonymous_2)
FN:67,(anonymous_3)
FNF:2
FNH:2
FNDA:2,(anonymous_2)
FNDA:1,(anonymous_3)
DA:1,1
DA:10,1
DA:11,1
DA:12,1
DA:25,1
DA:26,1
DA:34,1
DA:41,1
DA:47,1
DA:53,1
DA:67,2
LF:11
LH:11
BRF:0
BRH:0
end_of_record
TN:
SF:src/models/userGroup.model.ts
FN:7,(anonymous_2)
FN:13,(anonymous_3)
FNF:2
FNH:2
FNDA:6,(anonymous_2)
FNDA:2,(anonymous_3)
DA:1,1
DA:2,1
DA:3,1
DA:6,1
DA:7,6
DA:13,2
LF:6
LH:6
BRF:0
BRH:0
end_of_record
TN:
SF:src/routes/groups.routes.ts
FN:11,(anonymous_8)
FN:11,(anonymous_9)
FN:20,(anonymous_10)
FN:20,(anonymous_11)
FN:33,(anonymous_12)
FN:33,(anonymous_13)
FN:48,(anonymous_14)
FN:48,(anonymous_15)
FN:66,(anonymous_16)
FN:66,(anonymous_17)
FNF:10
FNH:0
FNDA:0,(anonymous_8)
FNDA:0,(anonymous_9)
FNDA:0,(anonymous_10)
FNDA:0,(anonymous_11)
FNDA:0,(anonymous_12)
FNDA:0,(anonymous_13)
FNDA:0,(anonymous_14)
FNDA:0,(anonymous_15)
FNDA:0,(anonymous_16)
FNDA:0,(anonymous_17)
DA:1,1
DA:2,1
DA:3,1
DA:4,1
DA:5,1
DA:7,1
DA:9,1
DA:11,1
DA:12,0
DA:13,0
DA:14,0
DA:16,0
DA:20,1
DA:21,0
DA:22,0
DA:23,0
DA:24,0
DA:26,0
DA:28,0
DA:29,0
DA:33,1
DA:34,0
DA:35,0
DA:37,0
DA:38,0
DA:40,0
DA:41,0
DA:43,0
DA:44,0
DA:48,1
DA:49,0
DA:50,0
DA:51,0
DA:52,0
DA:54,0
DA:55,0
DA:59,0
DA:61,0
DA:62,0
DA:66,1
DA:67,0
DA:68,0
DA:69,0
DA:70,0
DA:72,0
DA:74,0
DA:75,0
DA:79,1
LF:48
LH:13
BRDA:23,0,0,0
BRDA:37,1,0,0
BRDA:51,2,0,0
BRDA:69,3,0,0
BRF:4
BRH:0
end_of_record
TN:
SF:src/routes/users.routes.ts
FN:16,(anonymous_8)
FN:16,(anonymous_9)
FN:25,(anonymous_10)
FN:25,(anonymous_11)
FN:38,(anonymous_12)
FN:38,(anonymous_13)
FN:56,(anonymous_14)
FN:56,(anonymous_15)
FN:72,(anonymous_16)
FN:72,(anonymous_17)
FN:89,(anonymous_18)
FN:89,(anonymous_19)
FN:109,(anonymous_20)
FN:109,(anonymous_21)
FN:122,(anonymous_22)
FN:122,(anonymous_23)
FNF:16
FNH:2
FNDA:0,(anonymous_8)
FNDA:0,(anonymous_9)
FNDA:0,(anonymous_10)
FNDA:0,(anonymous_11)
FNDA:0,(anonymous_12)
FNDA:0,(anonymous_13)
FNDA:1,(anonymous_14)
FNDA:1,(anonymous_15)
FNDA:0,(anonymous_16)
FNDA:0,(anonymous_17)
FNDA:0,(anonymous_18)
FNDA:0,(anonymous_19)
FNDA:0,(anonymous_20)
FNDA:0,(anonymous_21)
FNDA:0,(anonymous_22)
FNDA:0,(anonymous_23)
DA:1,1
DA:2,1
DA:3,1
DA:9,1
DA:10,1
DA:12,1
DA:14,1
DA:16,1
DA:17,0
DA:18,0
DA:19,0
DA:21,0
DA:25,1
DA:26,0
DA:27,0
DA:28,0
DA:29,0
DA:31,0
DA:33,0
DA:34,0
DA:38,1
DA:39,0
DA:40,0
DA:42,0
DA:44,0
DA:49,0
DA:51,0
DA:52,0
DA:56,1
DA:57,1
DA:58,1
DA:60,1
DA:61,0
DA:63,1
DA:64,1
DA:67,0
DA:68,0
DA:72,1
DA:73,0
DA:74,0
DA:76,0
DA:77,0
DA:79,0
DA:80,0
DA:81,0
DA:84,0
DA:85,0
DA:89,1
DA:90,0
DA:91,0
DA:93,0
DA:94,0
DA:96,0
DA:97,0
DA:102,0
DA:104,0
DA:105,0
DA:109,1
DA:110,0
DA:111,0
DA:112,0
DA:113,0
DA:115,0
DA:117,0
DA:118,0
DA:122,1
DA:123,0
DA:124,0
DA:126,0
DA:127,0
DA:129,0
DA:130,0
DA:131,0
DA:134,0
DA:135,0
DA:139,1
LF:76
LH:21
BRDA:28,0,0,0
BRDA:42,1,0,0
BRDA:42,1,1,0
BRDA:60,2,0,0
BRDA:76,3,0,0
BRDA:93,4,0,0
BRDA:112,5,0,0
BRDA:126,6,0,0
BRF:8
BRH:0
end_of_record
TN:
SF:src/services/group.service.ts
FN:5,(anonymous_7)
FN:9,(anonymous_9)
FN:13,(anonymous_11)
FN:17,(anonymous_13)
FN:26,(anonymous_15)
FNF:5
FNH:0
FNDA:0,(anonymous_7)
FNDA:0,(anonymous_9)
FNDA:0,(anonymous_11)
FNDA:0,(anonymous_13)
FNDA:0,(anonymous_15)
DA:2,1
DA:4,1
DA:6,0
DA:10,0
DA:14,0
DA:18,0
DA:19,0
DA:20,0
DA:21,0
DA:23,0
DA:30,0
DA:31,0
DA:32,0
DA:33,0
DA:34,0
DA:35,0
DA:36,0
DA:38,0
LF:18
LH:2
BRDA:19,0,0,0
BRDA:32,1,0,0
BRF:2
BRH:0
end_of_record
TN:
SF:src/services/user.service.ts
FN:11,(anonymous_8)
FN:15,(anonymous_10)
FN:19,(anonymous_12)
FN:23,(anonymous_14)
FN:32,(anonymous_16)
FN:48,(anonymous_18)
FN:51,(anonymous_20)
FN:55,(anonymous_21)
FN:64,(anonymous_22)
FN:93,(anonymous_24)
FNF:10
FNH:1
FNDA:0,(anonymous_8)
FNDA:0,(anonymous_10)
FNDA:1,(anonymous_12)
FNDA:0,(anonymous_14)
FNDA:0,(anonymous_16)
FNDA:0,(anonymous_18)
FNDA:0,(anonymous_20)
FNDA:0,(anonymous_21)
FNDA:0,(anonymous_22)
FNDA:0,(anonymous_24)
DA:2,1
DA:4,1
DA:5,1
DA:6,1
DA:7,1
DA:8,1
DA:10,1
DA:12,0
DA:16,0
DA:20,1
DA:24,0
DA:25,0
DA:26,0
DA:27,0
DA:29,0
DA:36,0
DA:37,0
DA:38,0
DA:39,0
DA:40,0
DA:41,0
DA:42,0
DA:43,0
DA:45,0
DA:49,0
DA:51,0
DA:52,0
DA:55,0
DA:56,0
DA:59,0
DA:61,0
DA:68,0
DA:69,0
DA:70,0
DA:71,0
DA:73,0
DA:74,0
DA:78,0
DA:82,0
DA:83,0
DA:85,0
DA:86,0
DA:87,0
DA:89,0
DA:94,0
DA:95,0
DA:96,0
DA:98,0
DA:99,0
DA:100,0
LF:50
LH:8
BRDA:25,0,0,0
BRDA:38,1,0,0
BRDA:56,2,0,0
BRDA:56,2,1,0
BRDA:73,3,0,0
BRDA:73,4,0,0
BRDA:73,4,1,0
BRDA:86,5,0,0
BRDA:95,6,0,0
BRDA:95,7,0,0
BRDA:95,7,1,0
BRF:11
BRH:0
end_of_record
TN:
SF:src/utils/logger.ts
FN:11,(anonymous_0)
FNF:1
FNH:1
FNDA:1,(anonymous_0)
DA:1,1
DA:3,1
DA:12,1
LF:3
LH:3
BRF:0
BRH:0
end_of_record
TN:
SF:src/utils/validations.ts
FN:5,(anonymous_1)
FN:22,(anonymous_2)
FN:34,(anonymous_3)
FN:48,(anonymous_4)
FN:57,(anonymous_5)
FNF:5
FNH:1
FNDA:1,(anonymous_1)
FNDA:0,(anonymous_2)
FNDA:0,(anonymous_3)
FNDA:0,(anonymous_4)
FNDA:0,(anonymous_5)
DA:1,1
DA:5,1
DA:6,1
DA:19,1
DA:22,1
DA:23,0
DA:31,0
DA:34,1
DA:35,0
DA:45,0
DA:48,1
DA:49,0
DA:54,0
DA:57,1
DA:58,0
DA:68,0
LF:16
LH:8
BRF:0
BRH:0
end_of_record
